

 NAS Parallel Benchmarks 3.4 -- IS Benchmark

 Size:  134217728  (class C)
 Iterations:   10
 Total number of processes:  4

   iteration
        1
        2
        3
        4
        5
        6
        7
        8
        9
        10


 IS Benchmark Completed
 Class           =                        C
 Size            =                134217728
 Iterations      =                       10
 Time in seconds =                     3.11
 Total processes =                        4
 Active processes=                        4
 Mop/s total     =                   431.34
 Mop/s/process   =                   107.83
 Operation type  =              keys ranked
 Verification    =               SUCCESSFUL
 Version         =                    3.4.2
 Compile date    =              30 Nov 2022

 Compile options:
    MPICC        = /opt/wasi-sdk/12/bin/clang --sysroot=/opt/w...
    CLINK        = $(MPICC)
    CMPI_LIB     = (none)
    CMPI_INC     = -I/tmp/installer/include/
    CFLAGS       = -O3 -Wl,--allow-undefined,--export=malloc,-...
    CLINKFLAGS   = $(CFLAGS)


 Please send feedbacks and/or the results of this run to:

 NPB Development Team
 npb@nas.nasa.gov


